Removed Pin From Net: NetName=NetR2_2 Pin=U1-5
Change Component DesignItemId : Designator=U1 Old DesignItemId=LF353D New DesignItemId=LF353P
Change Component DesignItemId : Designator=U3 Old DesignItemId=LF353D New DesignItemId=LF353P
Change Component DesignItemId : Designator=U4 Old DesignItemId=LF353D New DesignItemId=LF353P
Change Component DesignItemId : Designator=U5 Old DesignItemId=LF353D New DesignItemId=LF353P
Change Component Footprint: Designator=U1 Old Footprint=D008_L New Footprint=P008
Change Component Footprint: Designator=U3 Old Footprint=D008_L New Footprint=P008
Change Component Footprint: Designator=U4 Old Footprint=D008_L New Footprint=P008
Change Component Footprint: Designator=U5 Old Footprint=D008_L New Footprint=P008
Change Component Comment : Designator=U1 Old Comment=LF353D New Comment=LF353P
Change Component Comment : Designator=U3 Old Comment=LF353D New Comment=LF353P
Change Component Comment : Designator=U4 Old Comment=LF353D New Comment=LF353P
Change Component Comment : Designator=U5 Old Comment=LF353D New Comment=LF353P
Added Component: Designator=P3(HDR1X3)
Added Component: Designator=U?(P008)
Added Pin To Net: NetName=VCC Pin=P3-1
Added Pin To Net: NetName=GND Pin=P3-2
Added Pin To Net: NetName=VCC Pin=P3-3
Added Pin To Net: NetName=VSS Pin=U?-4
Added Pin To Net: NetName=NetR2_2 Pin=U?-5
Added Pin To Net: NetName=VCC Pin=U?-8
Added Pin To Net: NetName=NetU2_2 Pin=U2-2
Added Pin To Net: NetName=NetU2_2 Pin=U?-6
Added Pin To Net: NetName=NetU2_2 Pin=U?-7
Added Net: Name=NetU2_2
Added Member To Class: ClassName=Sheet1 Member=Component P3 Header 3
Added Member To Class: ClassName=Sheet1 Member=Component U1 LF353P
Added Member To Class: ClassName=Sheet1 Member=Component U3 LF353P
Added Member To Class: ClassName=Sheet1 Member=Component U? LF353P
