Removed Pin From Net: NetName=NetP1_3 Pin=P1-3
Removed Pin From Net: NetName=VCC Pin=P3-1
Removed Pin From Net: NetName=GND Pin=P3-2
Removed Pin From Net: NetName=VCC Pin=P3-3
Removed Pin From Net: NetName=NetP2_1 Pin=R28-1
Removed Pin From Net: NetName=NetP2_1 Pin=U5-7
Change Component DesignItemId : Designator=P1 Old DesignItemId=Header 3 New DesignItemId=Header 2
Change Component DesignItemId : Designator=P3 Old DesignItemId=Header 3 New DesignItemId=Header 2
Change Component Footprint: Designator=P1 Old Footprint=HDR1X3 New Footprint=HDR1X2
Change Component Footprint: Designator=P3 Old Footprint=HDR1X3 New Footprint=HDR1X2
Change Component Comment : Designator=P1 Old Comment=Header 3 New Comment=Header 2
Change Component Comment : Designator=P3 Old Comment=Header 3 New Comment=Header 2
Added Component: Designator=P4(HDR1X2)
Added Component: Designator=P5(HDR1X2)
Added Component: Designator=P6(HDR1X2)
Added Component: Designator=P7(HDR1X2)
Added Component: Designator=P8(HDR1X2)
Added Component: Designator=R29(AXIAL-0.3)
Added Component: Designator=R30(AXIAL-0.3)
Added Component: Designator=R31(AXIAL-0.3)
Added Component: Designator=R32(AXIAL-0.3)
Added Component: Designator=U6(P008)
Added Pin To Net: NetName=NetP1_1 Pin=P1-2
Added Pin To Net: NetName=NetP1_3 Pin=P3-1
Added Pin To Net: NetName=NetP1_3 Pin=P3-2
Added Pin To Net: NetName=VSS Pin=P4-1
Added Pin To Net: NetName=VSS Pin=P4-2
Added Pin To Net: NetName=GND Pin=P5-1
Added Pin To Net: NetName=GND Pin=P5-2
Added Pin To Net: NetName=VCC Pin=P6-1
Added Pin To Net: NetName=VCC Pin=P6-2
Added Pin To Net: NetName=NetP2_1 Pin=R2-1
Added Pin To Net: NetName=VCC Pin=R30-1
Added Pin To Net: NetName=GND Pin=R31-1
Added Pin To Net: NetName=VSS Pin=U6-4
Added Pin To Net: NetName=VCC Pin=U6-8
Change Net Name : Old Net Name=NetP1_3 New Net Name=NetP3_1
Added Pin To Net: NetName=NetP7_1 Pin=P2-1
Added Pin To Net: NetName=NetP7_1 Pin=P2-2
Added Pin To Net: NetName=NetP7_1 Pin=R28-1
Added Pin To Net: NetName=NetP7_1 Pin=R29-1
Added Pin To Net: NetName=NetP7_1 Pin=R30-2
Added Pin To Net: NetName=NetP7_1 Pin=U5-7
Added Net: Name=NetP7_1
Added Pin To Net: NetName=NetP8_1 Pin=P8-1
Added Pin To Net: NetName=NetP8_1 Pin=P8-2
Added Pin To Net: NetName=NetP8_1 Pin=R32-2
Added Pin To Net: NetName=NetP8_1 Pin=U6-1
Added Net: Name=NetP8_1
Added Pin To Net: NetName=NetR29_2 Pin=R29-2
Added Pin To Net: NetName=NetR29_2 Pin=U6-3
Added Net: Name=NetR29_2
Added Pin To Net: NetName=NetR31_2 Pin=R31-2
Added Pin To Net: NetName=NetR31_2 Pin=R32-1
Added Pin To Net: NetName=NetR31_2 Pin=U6-2
Added Net: Name=NetR31_2
Added Member To Class: ClassName=Sheet1 Member=Component P4 Header 2
Added Member To Class: ClassName=Sheet1 Member=Component P5 Header 2
Added Member To Class: ClassName=Sheet1 Member=Component P6 Header 2
Added Member To Class: ClassName=Sheet1 Member=Component P7 Header 2
Added Member To Class: ClassName=Sheet1 Member=Component P8 Header 2
Added Member To Class: ClassName=Sheet1 Member=Component R29 Res1
Added Member To Class: ClassName=Sheet1 Member=Component R30 Res1
Added Member To Class: ClassName=Sheet1 Member=Component R31 Res1
Added Member To Class: ClassName=Sheet1 Member=Component R32 Res1
Added Member To Class: ClassName=Sheet1 Member=Component U6 LF353P
